Using pre-set license
Built from '2021.3/staging' branch; Version is '2021.3.0f1 (6eacc8284459) revision 7253192'; Using compiler version '192829333'; Build Type 'Release'
OS: 'Windows 10  (10.0.19043) 64bit Professional' Language: 'en' Physical Memory: 16291 MB
BatchMode: 1, IsHumanControllingUs: 0, StartBugReporterOnCrash: 0, Is64bit: 1, IsPro: 1

COMMAND LINE ARGUMENTS:
C:\Program Files\Unity\Hub\Editor\2021.3.0f1\Editor\Unity.exe
-adb2
-batchMode
-noUpm
-name
AssetImportWorker2
-projectPath
D:/UnityProject/3d shooter/ShooterGame
-logFile
Logs/AssetImportWorker2.log
-srvPort
61813
Successfully changed project path to: D:/UnityProject/3d shooter/ShooterGame
D:/UnityProject/3d shooter/ShooterGame
[UnityMemory] Configuration Parameters - Can be set up in boot.config
    "memorysetup-bucket-allocator-granularity=16"
    "memorysetup-bucket-allocator-bucket-count=8"
    "memorysetup-bucket-allocator-block-size=33554432"
    "memorysetup-bucket-allocator-block-count=8"
    "memorysetup-main-allocator-block-size=16777216"
    "memorysetup-thread-allocator-block-size=16777216"
    "memorysetup-gfx-main-allocator-block-size=16777216"
    "memorysetup-gfx-thread-allocator-block-size=16777216"
    "memorysetup-cache-allocator-block-size=4194304"
    "memorysetup-typetree-allocator-block-size=2097152"
    "memorysetup-profiler-bucket-allocator-granularity=16"
    "memorysetup-profiler-bucket-allocator-bucket-count=8"
    "memorysetup-profiler-bucket-allocator-block-size=33554432"
    "memorysetup-profiler-bucket-allocator-block-count=8"
    "memorysetup-profiler-allocator-block-size=16777216"
    "memorysetup-profiler-editor-allocator-block-size=1048576"
    "memorysetup-temp-allocator-size-main=16777216"
    "memorysetup-job-temp-allocator-block-size=2097152"
    "memorysetup-job-temp-allocator-block-size-background=1048576"
    "memorysetup-job-temp-allocator-reduction-small-platforms=262144"
    "memorysetup-temp-allocator-size-background-worker=32768"
    "memorysetup-temp-allocator-size-job-worker=262144"
    "memorysetup-temp-allocator-size-preload-manager=33554432"
    "memorysetup-temp-allocator-size-nav-mesh-worker=65536"
    "memorysetup-temp-allocator-size-audio-worker=65536"
    "memorysetup-temp-allocator-size-cloud-worker=32768"
    "memorysetup-temp-allocator-size-gi-baking-worker=262144"
    "memorysetup-temp-allocator-size-gfx=262144"
Refreshing native plugins compatible for Editor in 41.79 ms, found 2 plugins.
Preloading 0 native plugins for Editor in 0.00 ms.
Initialize engine version: 2021.3.0f1 (6eacc8284459)
[Subsystems] Discovering subsystems at path C:/Program Files/Unity/Hub/Editor/2021.3.0f1/Editor/Data/Resources/UnitySubsystems
[Subsystems] Discovering subsystems at path D:/UnityProject/3d shooter/ShooterGame/Assets
GfxDevice: creating device client; threaded=0; jobified=0
Direct3D:
    Version:  Direct3D 11.0 [level 11.1]
    Renderer: NVIDIA GeForce RTX 2060 (ID=0x1f15)
    Vendor:   NVIDIA
    VRAM:     5980 MB
    Driver:   30.0.15.1179
Initialize mono
Mono path[0] = 'C:/Program Files/Unity/Hub/Editor/2021.3.0f1/Editor/Data/Managed'
Mono path[1] = 'C:/Program Files/Unity/Hub/Editor/2021.3.0f1/Editor/Data/MonoBleedingEdge/lib/mono/unityjit-win32'
Mono config path = 'C:/Program Files/Unity/Hub/Editor/2021.3.0f1/Editor/Data/MonoBleedingEdge/etc'
Using monoOptions --debugger-agent=transport=dt_socket,embedding=1,server=y,suspend=n,address=127.0.0.1:56824
Begin MonoManager ReloadAssembly
Registering precompiled unity dll's ...
Register platform support module: C:/Program Files/Unity/Hub/Editor/2021.3.0f1/Editor/Data/PlaybackEngines/AndroidPlayer/UnityEditor.Android.Extensions.dll
Register platform support module: C:/Program Files/Unity/Hub/Editor/2021.3.0f1/Editor/Data/PlaybackEngines/WindowsStandaloneSupport/UnityEditor.WindowsStandalone.Extensions.dll
Registered in 0.016611 seconds.
Native extension for WindowsStandalone target not found
Native extension for Android target not found
Refreshing native plugins compatible for Editor in 45.24 ms, found 2 plugins.
Preloading 0 native plugins for Editor in 0.00 ms.
Mono: successfully reloaded assembly
- Completed reload, in  0.966 seconds
Domain Reload Profiling:
	ReloadAssembly (966ms)
		BeginReloadAssembly (126ms)
			ExecutionOrderSort (0ms)
			DisableScriptedObjects (0ms)
			BackupInstance (0ms)
			ReleaseScriptingObjects (0ms)
			CreateAndSetChildDomain (1ms)
		EndReloadAssembly (660ms)
			LoadAssemblies (121ms)
			RebuildTransferFunctionScriptingTraits (0ms)
			SetupTypeCache (174ms)
			ReleaseScriptCaches (0ms)
			RebuildScriptCaches (46ms)
			SetupLoadedEditorAssemblies (362ms)
				LogAssemblyErrors (0ms)
				InitializePlatformSupportModulesInManaged (90ms)
				SetLoadedEditorAssemblies (0ms)
				RefreshPlugins (45ms)
				BeforeProcessingInitializeOnLoad (3ms)
				ProcessInitializeOnLoadAttributes (153ms)
				ProcessInitializeOnLoadMethodAttributes (70ms)
				AfterProcessingInitializeOnLoad (0ms)
				EditorAssembliesLoaded (0ms)
			ExecutionOrderSort2 (0ms)
			AwakeInstancesAfterBackupRestoration (0ms)
Platform modules already initialized, skipping
Registering precompiled user dll's ...
Registered in 0.003828 seconds.
Begin MonoManager ReloadAssembly
Symbol file LoadedFromMemory is not a mono symbol file
Native extension for WindowsStandalone target not found
Native extension for Android target not found
Refreshing native plugins compatible for Editor in 0.41 ms, found 2 plugins.
Preloading 0 native plugins for Editor in 0.00 ms.
Mono: successfully reloaded assembly
- Completed reload, in  4.618 seconds
Domain Reload Profiling:
	ReloadAssembly (4619ms)
		BeginReloadAssembly (307ms)
			ExecutionOrderSort (0ms)
			DisableScriptedObjects (9ms)
			BackupInstance (0ms)
			ReleaseScriptingObjects (0ms)
			CreateAndSetChildDomain (136ms)
		EndReloadAssembly (4127ms)
			LoadAssemblies (1455ms)
			RebuildTransferFunctionScriptingTraits (0ms)
			SetupTypeCache (791ms)
			ReleaseScriptCaches (0ms)
			RebuildScriptCaches (71ms)
			SetupLoadedEditorAssemblies (1779ms)
				LogAssemblyErrors (0ms)
				InitializePlatformSupportModulesInManaged (26ms)
				SetLoadedEditorAssemblies (1ms)
				RefreshPlugins (1ms)
				BeforeProcessingInitializeOnLoad (82ms)
				ProcessInitializeOnLoadAttributes (407ms)
				ProcessInitializeOnLoadMethodAttributes (1243ms)
				AfterProcessingInitializeOnLoad (19ms)
				EditorAssembliesLoaded (0ms)
			ExecutionOrderSort2 (0ms)
			AwakeInstancesAfterBackupRestoration (9ms)
Platform modules already initialized, skipping
========================================================================
Worker process is ready to serve import requests
Launched and connected shader compiler UnityShaderCompiler.exe after 0.17 seconds
Refreshing native plugins compatible for Editor in 0.47 ms, found 2 plugins.
Preloading 0 native plugins for Editor in 0.00 ms.
Unloading 1700 Unused Serialized files (Serialized files now loaded: 0)
Unloading 28 unused Assets / (1.3 MB). Loaded Objects now: 2159.
Memory consumption went from 81.0 MB to 79.7 MB.
Total: 4.790700 ms (FindLiveObjects: 0.198700 ms CreateObjectMapping: 0.126600 ms MarkObjects: 4.131700 ms  DeleteObjects: 0.332700 ms)

AssetImportParameters requested are different than current active one (requested -> active):
  custom:video-decoder-ogg-theora: a1e56fd34408186e4bbccfd4996cb3dc -> 
  custom:container-muxer-webm: aa71ff27fc2769a1b78a27578f13a17b -> 
  custom:container-demuxer-webm: 4f35f7cbe854078d1ac9338744f61a02 -> 
  custom:video-encoder-webm-vp8: eb34c28f22e8b96e1ab97ce403110664 -> 
  custom:video-codec-MediaFoundation-h265: 746d11721c4dcdbdad8f713fa42b33f4 -> 
  custom:audio-encoder-webm-vorbis: bf7c407c2cedff20999df2af8eb42d56 -> 
  custom:framework-win-MediaFoundation: 216162199b28c13a410421893ffa2e32 -> 
  custom:container-demuxer-ogg: 62fdf1f143b41e24485cea50d1cbac27 -> 
  custom:video-decoder-webm-vp8: 9c59270c3fd7afecdb556c50c9e8de78 -> 
  custom:audio-decoder-ogg-vorbis: bf7c407c2cedff20999df2af8eb42d56 -> 
========================================================================
Received Import Request.
  Time since last request: 1892944.564348 seconds.
  path: Assets/Scripts/PathFinding_AStar/Grid.cs
  artifactKey: Guid(829e1a4cfcc72924bb4e5710a608b06a) Importer(815301076,1909f56bfc062723c751e8b465ee728b)
Start importing Assets/Scripts/PathFinding_AStar/Grid.cs using Guid(829e1a4cfcc72924bb4e5710a608b06a) Importer(815301076,1909f56bfc062723c751e8b465ee728b)  -> (artifact id: 'faded60d288873f775bef7892f08a780') in 0.021277 seconds 
========================================================================
Received Import Request.
  Time since last request: 10.915778 seconds.
  path: Assets/Scripts/PathFinding_AStar/Grid.cs
  artifactKey: Guid(829e1a4cfcc72924bb4e5710a608b06a) Importer(815301076,1909f56bfc062723c751e8b465ee728b)
Start importing Assets/Scripts/PathFinding_AStar/Grid.cs using Guid(829e1a4cfcc72924bb4e5710a608b06a) Importer(815301076,1909f56bfc062723c751e8b465ee728b)  -> (artifact id: '206c5ae69054e402fdbd8a7d92ed13e1') in 0.005108 seconds 
========================================================================
Received Import Request.
  Time since last request: 17.254136 seconds.
  path: Assets/Scripts/PathFinding_AStar/Grid.cs
  artifactKey: Guid(829e1a4cfcc72924bb4e5710a608b06a) Importer(815301076,1909f56bfc062723c751e8b465ee728b)
Start importing Assets/Scripts/PathFinding_AStar/Grid.cs using Guid(829e1a4cfcc72924bb4e5710a608b06a) Importer(815301076,1909f56bfc062723c751e8b465ee728b)  -> (artifact id: '9b7b5e98f59bc8801346b31d85b1b2fd') in 0.005395 seconds 
========================================================================
Received Import Request.
  Time since last request: 12.935058 seconds.
  path: Assets/Scripts/PathFinding_AStar/Grid.cs
  artifactKey: Guid(829e1a4cfcc72924bb4e5710a608b06a) Importer(815301076,1909f56bfc062723c751e8b465ee728b)
Start importing Assets/Scripts/PathFinding_AStar/Grid.cs using Guid(829e1a4cfcc72924bb4e5710a608b06a) Importer(815301076,1909f56bfc062723c751e8b465ee728b)  -> (artifact id: '98c45b43be383be29b63f2b3df6bcc9b') in 0.005378 seconds 
========================================================================
Received Import Request.
  Time since last request: 11.333501 seconds.
  path: Assets/Scripts/PathFinding_AStar/Grid.cs
  artifactKey: Guid(829e1a4cfcc72924bb4e5710a608b06a) Importer(815301076,1909f56bfc062723c751e8b465ee728b)
Start importing Assets/Scripts/PathFinding_AStar/Grid.cs using Guid(829e1a4cfcc72924bb4e5710a608b06a) Importer(815301076,1909f56bfc062723c751e8b465ee728b)  -> (artifact id: 'f2b57c10ea07e66ca4562765980f13c0') in 0.005146 seconds 
========================================================================
Received Import Request.
  Time since last request: 5.883836 seconds.
  path: Assets/Scripts/PathFinding_AStar/Grid.cs
  artifactKey: Guid(829e1a4cfcc72924bb4e5710a608b06a) Importer(815301076,1909f56bfc062723c751e8b465ee728b)
Start importing Assets/Scripts/PathFinding_AStar/Grid.cs using Guid(829e1a4cfcc72924bb4e5710a608b06a) Importer(815301076,1909f56bfc062723c751e8b465ee728b)  -> (artifact id: 'd0f9d608a0d47ea2593ca0dde2813704') in 0.006162 seconds 
========================================================================
Received Import Request.
  Time since last request: 5.834025 seconds.
  path: Assets/Scripts/PathFinding_AStar/Grid.cs
  artifactKey: Guid(829e1a4cfcc72924bb4e5710a608b06a) Importer(815301076,1909f56bfc062723c751e8b465ee728b)
Start importing Assets/Scripts/PathFinding_AStar/Grid.cs using Guid(829e1a4cfcc72924bb4e5710a608b06a) Importer(815301076,1909f56bfc062723c751e8b465ee728b)  -> (artifact id: '44e782d0d7626ba1321a27201a4a7f92') in 0.005594 seconds 
========================================================================
Received Import Request.
  Time since last request: 26.214395 seconds.
  path: Assets/Scripts/PathFinding_AStar/Grid.cs
  artifactKey: Guid(829e1a4cfcc72924bb4e5710a608b06a) Importer(815301076,1909f56bfc062723c751e8b465ee728b)
Start importing Assets/Scripts/PathFinding_AStar/Grid.cs using Guid(829e1a4cfcc72924bb4e5710a608b06a) Importer(815301076,1909f56bfc062723c751e8b465ee728b)  -> (artifact id: '5eb8f71ebd34654d88a4cf8ca2f48ea1') in 0.005136 seconds 
========================================================================
Received Import Request.
  Time since last request: 6.346172 seconds.
  path: Assets/Scripts/PathFinding_AStar/Grid.cs
  artifactKey: Guid(829e1a4cfcc72924bb4e5710a608b06a) Importer(815301076,1909f56bfc062723c751e8b465ee728b)
Start importing Assets/Scripts/PathFinding_AStar/Grid.cs using Guid(829e1a4cfcc72924bb4e5710a608b06a) Importer(815301076,1909f56bfc062723c751e8b465ee728b)  -> (artifact id: '2e1cfe46299781524d3f234676a6234d') in 0.004470 seconds 
========================================================================
Received Import Request.
  Time since last request: 46.740453 seconds.
  path: Assets/Scripts/PathFinding_AStar/Grid.cs
  artifactKey: Guid(829e1a4cfcc72924bb4e5710a608b06a) Importer(815301076,1909f56bfc062723c751e8b465ee728b)
Start importing Assets/Scripts/PathFinding_AStar/Grid.cs using Guid(829e1a4cfcc72924bb4e5710a608b06a) Importer(815301076,1909f56bfc062723c751e8b465ee728b)  -> (artifact id: '2e67005a4b04fb4277dbfb705b533380') in 0.004935 seconds 
========================================================================
Received Import Request.
  Time since last request: 0.744486 seconds.
  path: Assets/Scripts/PathFinding_AStar/Grid.cs
  artifactKey: Guid(829e1a4cfcc72924bb4e5710a608b06a) Importer(815301076,1909f56bfc062723c751e8b465ee728b)
Start importing Assets/Scripts/PathFinding_AStar/Grid.cs using Guid(829e1a4cfcc72924bb4e5710a608b06a) Importer(815301076,1909f56bfc062723c751e8b465ee728b)  -> (artifact id: '3e73960bac47844ec8b670da21c0279d') in 0.004706 seconds 
========================================================================
Received Import Request.
  Time since last request: 1.994695 seconds.
  path: Assets/Scripts/PathFinding_AStar/Grid.cs
  artifactKey: Guid(829e1a4cfcc72924bb4e5710a608b06a) Importer(815301076,1909f56bfc062723c751e8b465ee728b)
Start importing Assets/Scripts/PathFinding_AStar/Grid.cs using Guid(829e1a4cfcc72924bb4e5710a608b06a) Importer(815301076,1909f56bfc062723c751e8b465ee728b)  -> (artifact id: '25e8909a667595a5599a690a00141ac0') in 0.005002 seconds 
========================================================================
Received Import Request.
  Time since last request: 20.585822 seconds.
  path: Assets/Scripts/PathFinding_AStar/Grid.cs
  artifactKey: Guid(829e1a4cfcc72924bb4e5710a608b06a) Importer(815301076,1909f56bfc062723c751e8b465ee728b)
Start importing Assets/Scripts/PathFinding_AStar/Grid.cs using Guid(829e1a4cfcc72924bb4e5710a608b06a) Importer(815301076,1909f56bfc062723c751e8b465ee728b)  -> (artifact id: '7bc2ca3f29da4138a1d008047cc99ed8') in 0.006254 seconds 
========================================================================
Received Import Request.
  Time since last request: 2.896915 seconds.
  path: Assets/Scripts/PathFinding_AStar/Grid.cs
  artifactKey: Guid(829e1a4cfcc72924bb4e5710a608b06a) Importer(815301076,1909f56bfc062723c751e8b465ee728b)
Start importing Assets/Scripts/PathFinding_AStar/Grid.cs using Guid(829e1a4cfcc72924bb4e5710a608b06a) Importer(815301076,1909f56bfc062723c751e8b465ee728b)  -> (artifact id: '373b63bc3ff59d5906420510b6b296fc') in 0.005423 seconds 
========================================================================
Received Import Request.
  Time since last request: 11.217086 seconds.
  path: Assets/Scripts/PathFinding_AStar/Grid.cs
  artifactKey: Guid(829e1a4cfcc72924bb4e5710a608b06a) Importer(815301076,1909f56bfc062723c751e8b465ee728b)
Start importing Assets/Scripts/PathFinding_AStar/Grid.cs using Guid(829e1a4cfcc72924bb4e5710a608b06a) Importer(815301076,1909f56bfc062723c751e8b465ee728b)  -> (artifact id: '74a27777ed0f01698d0f047af203f164') in 0.004852 seconds 
========================================================================
Received Import Request.
  Time since last request: 3.227191 seconds.
  path: Assets/Scripts/PathFinding_AStar/Grid.cs
  artifactKey: Guid(829e1a4cfcc72924bb4e5710a608b06a) Importer(815301076,1909f56bfc062723c751e8b465ee728b)
Start importing Assets/Scripts/PathFinding_AStar/Grid.cs using Guid(829e1a4cfcc72924bb4e5710a608b06a) Importer(815301076,1909f56bfc062723c751e8b465ee728b)  -> (artifact id: '770481e22814f42e1a49650ce5de5d7e') in 0.005294 seconds 
========================================================================
Received Import Request.
  Time since last request: 84.358633 seconds.
  path: Assets/Scripts/PathFinding_AStar/Grid.cs
  artifactKey: Guid(829e1a4cfcc72924bb4e5710a608b06a) Importer(815301076,1909f56bfc062723c751e8b465ee728b)
Start importing Assets/Scripts/PathFinding_AStar/Grid.cs using Guid(829e1a4cfcc72924bb4e5710a608b06a) Importer(815301076,1909f56bfc062723c751e8b465ee728b)  -> (artifact id: 'fdc77d8cc4e100e0bb6807e752d9daa6') in 0.008066 seconds 
========================================================================
Received Import Request.
  Time since last request: 4.249605 seconds.
  path: Assets/Scripts/PathFinding_AStar/Grid.cs
  artifactKey: Guid(829e1a4cfcc72924bb4e5710a608b06a) Importer(815301076,1909f56bfc062723c751e8b465ee728b)
Start importing Assets/Scripts/PathFinding_AStar/Grid.cs using Guid(829e1a4cfcc72924bb4e5710a608b06a) Importer(815301076,1909f56bfc062723c751e8b465ee728b)  -> (artifact id: 'c95b8272b9b4b77910902e8018f5cd51') in 0.005967 seconds 
========================================================================
Received Import Request.
  Time since last request: 516.077434 seconds.
  path: Assets/Scripts/PathFinding_AStar/Grid.cs
  artifactKey: Guid(829e1a4cfcc72924bb4e5710a608b06a) Importer(815301076,1909f56bfc062723c751e8b465ee728b)
Start importing Assets/Scripts/PathFinding_AStar/Grid.cs using Guid(829e1a4cfcc72924bb4e5710a608b06a) Importer(815301076,1909f56bfc062723c751e8b465ee728b)  -> (artifact id: 'ff70421f6cc413c3e89a2f0c31a367be') in 0.003776 seconds 
========================================================================
Received Import Request.
  Time since last request: 7.854155 seconds.
  path: Assets/Scripts/PathFinding_AStar/Grid.cs
  artifactKey: Guid(829e1a4cfcc72924bb4e5710a608b06a) Importer(815301076,1909f56bfc062723c751e8b465ee728b)
Start importing Assets/Scripts/PathFinding_AStar/Grid.cs using Guid(829e1a4cfcc72924bb4e5710a608b06a) Importer(815301076,1909f56bfc062723c751e8b465ee728b)  -> (artifact id: '2d81cb47729c6294973dbbdffb322976') in 0.005908 seconds 
========================================================================
Received Import Request.
  Time since last request: 5.598585 seconds.
  path: Assets/Scripts/PathFinding_AStar/Grid.cs
  artifactKey: Guid(829e1a4cfcc72924bb4e5710a608b06a) Importer(815301076,1909f56bfc062723c751e8b465ee728b)
Start importing Assets/Scripts/PathFinding_AStar/Grid.cs using Guid(829e1a4cfcc72924bb4e5710a608b06a) Importer(815301076,1909f56bfc062723c751e8b465ee728b)  -> (artifact id: '3fd53e23645072feb5fc5b752eb42bba') in 0.005534 seconds 
========================================================================
Received Import Request.
  Time since last request: 3.648134 seconds.
  path: Assets/Scripts/PathFinding_AStar/Grid.cs
  artifactKey: Guid(829e1a4cfcc72924bb4e5710a608b06a) Importer(815301076,1909f56bfc062723c751e8b465ee728b)
Start importing Assets/Scripts/PathFinding_AStar/Grid.cs using Guid(829e1a4cfcc72924bb4e5710a608b06a) Importer(815301076,1909f56bfc062723c751e8b465ee728b)  -> (artifact id: '8baf02b51ef9168732da3f011b254fa2') in 0.005680 seconds 
========================================================================
Received Import Request.
  Time since last request: 1.815921 seconds.
  path: Assets/Scripts/PathFinding_AStar/Grid.cs
  artifactKey: Guid(829e1a4cfcc72924bb4e5710a608b06a) Importer(815301076,1909f56bfc062723c751e8b465ee728b)
Start importing Assets/Scripts/PathFinding_AStar/Grid.cs using Guid(829e1a4cfcc72924bb4e5710a608b06a) Importer(815301076,1909f56bfc062723c751e8b465ee728b)  -> (artifact id: '764060c3603bdf6d894a7f2af56466b7') in 0.011602 seconds 
========================================================================
Received Import Request.
  Time since last request: 140.670160 seconds.
  path: Assets/Scripts/PathFinding_AStar/Grid.cs
  artifactKey: Guid(829e1a4cfcc72924bb4e5710a608b06a) Importer(815301076,1909f56bfc062723c751e8b465ee728b)
Start importing Assets/Scripts/PathFinding_AStar/Grid.cs using Guid(829e1a4cfcc72924bb4e5710a608b06a) Importer(815301076,1909f56bfc062723c751e8b465ee728b)  -> (artifact id: '1685846c91a92adea95631adc0af60a6') in 0.004827 seconds 
========================================================================
Received Import Request.
  Time since last request: 2.641795 seconds.
  path: Assets/Scripts/PathFinding_AStar/Grid.cs
  artifactKey: Guid(829e1a4cfcc72924bb4e5710a608b06a) Importer(815301076,1909f56bfc062723c751e8b465ee728b)
Start importing Assets/Scripts/PathFinding_AStar/Grid.cs using Guid(829e1a4cfcc72924bb4e5710a608b06a) Importer(815301076,1909f56bfc062723c751e8b465ee728b)  -> (artifact id: '532b0ba69d837d8bb88f41b56110de00') in 0.006327 seconds 
========================================================================
Received Import Request.
  Time since last request: 31.505304 seconds.
  path: Assets/Scripts/PathFinding_AStar/Grid.cs
  artifactKey: Guid(829e1a4cfcc72924bb4e5710a608b06a) Importer(815301076,1909f56bfc062723c751e8b465ee728b)
Start importing Assets/Scripts/PathFinding_AStar/Grid.cs using Guid(829e1a4cfcc72924bb4e5710a608b06a) Importer(815301076,1909f56bfc062723c751e8b465ee728b)  -> (artifact id: 'd46de35bd117ea0eddb86b0a33496689') in 0.005188 seconds 
========================================================================
Received Import Request.
  Time since last request: 85.545051 seconds.
  path: Assets/Scripts/PathFinding_AStar/Grid.cs
  artifactKey: Guid(829e1a4cfcc72924bb4e5710a608b06a) Importer(815301076,1909f56bfc062723c751e8b465ee728b)
Start importing Assets/Scripts/PathFinding_AStar/Grid.cs using Guid(829e1a4cfcc72924bb4e5710a608b06a) Importer(815301076,1909f56bfc062723c751e8b465ee728b)  -> (artifact id: '1736d7bcdecb1e11828d859c4ff793e1') in 0.005809 seconds 
========================================================================
Received Import Request.
  Time since last request: 4.999611 seconds.
  path: Assets/Scripts/PathFinding_AStar/Grid.cs
  artifactKey: Guid(829e1a4cfcc72924bb4e5710a608b06a) Importer(815301076,1909f56bfc062723c751e8b465ee728b)
Start importing Assets/Scripts/PathFinding_AStar/Grid.cs using Guid(829e1a4cfcc72924bb4e5710a608b06a) Importer(815301076,1909f56bfc062723c751e8b465ee728b)  -> (artifact id: '0e9e3cb1f5ba661886482ade803386e2') in 0.004907 seconds 
========================================================================
Received Import Request.
  Time since last request: 116.120263 seconds.
  path: Assets/Scripts/PathFinding_AStar/Grid.cs
  artifactKey: Guid(829e1a4cfcc72924bb4e5710a608b06a) Importer(815301076,1909f56bfc062723c751e8b465ee728b)
Start importing Assets/Scripts/PathFinding_AStar/Grid.cs using Guid(829e1a4cfcc72924bb4e5710a608b06a) Importer(815301076,1909f56bfc062723c751e8b465ee728b)  -> (artifact id: '4d6cbf83ccae92195cbf23cd993f4fbb') in 0.005076 seconds 
========================================================================
Received Import Request.
  Time since last request: 81.056707 seconds.
  path: Assets/Scripts/PathFinding_AStar/Grid.cs
  artifactKey: Guid(829e1a4cfcc72924bb4e5710a608b06a) Importer(815301076,1909f56bfc062723c751e8b465ee728b)
Start importing Assets/Scripts/PathFinding_AStar/Grid.cs using Guid(829e1a4cfcc72924bb4e5710a608b06a) Importer(815301076,1909f56bfc062723c751e8b465ee728b)  -> (artifact id: 'd8b145e5ee8169bb189f20625f084162') in 0.004795 seconds 
========================================================================
Received Import Request.
  Time since last request: 187.282907 seconds.
  path: Assets/Scripts/PathFinding_AStar/Grid.cs
  artifactKey: Guid(829e1a4cfcc72924bb4e5710a608b06a) Importer(815301076,1909f56bfc062723c751e8b465ee728b)
Start importing Assets/Scripts/PathFinding_AStar/Grid.cs using Guid(829e1a4cfcc72924bb4e5710a608b06a) Importer(815301076,1909f56bfc062723c751e8b465ee728b)  -> (artifact id: '378e95133c920d1cfb6dee99ada7d755') in 0.005552 seconds 
========================================================================
Received Import Request.
  Time since last request: 22.313890 seconds.
  path: Assets/Scripts/PathFinding_AStar/Grid.cs
  artifactKey: Guid(829e1a4cfcc72924bb4e5710a608b06a) Importer(815301076,1909f56bfc062723c751e8b465ee728b)
Start importing Assets/Scripts/PathFinding_AStar/Grid.cs using Guid(829e1a4cfcc72924bb4e5710a608b06a) Importer(815301076,1909f56bfc062723c751e8b465ee728b)  -> (artifact id: '0f6d89965ad4d02cea6fef273686b3a8') in 0.004852 seconds 
========================================================================
Received Import Request.
  Time since last request: 135.831032 seconds.
  path: Assets/Scripts/PathFinding_AStar/Grid.cs
  artifactKey: Guid(829e1a4cfcc72924bb4e5710a608b06a) Importer(815301076,1909f56bfc062723c751e8b465ee728b)
Start importing Assets/Scripts/PathFinding_AStar/Grid.cs using Guid(829e1a4cfcc72924bb4e5710a608b06a) Importer(815301076,1909f56bfc062723c751e8b465ee728b)  -> (artifact id: '5bf5d9fd186e0f69fadb658792bb9562') in 0.005358 seconds 
========================================================================
Received Import Request.
  Time since last request: 12.484051 seconds.
  path: Assets/Scripts/PathFinding_AStar/Grid
  artifactKey: Guid(5a63b567d10a4fd46ba36188bf10c46d) Importer(815301076,1909f56bfc062723c751e8b465ee728b)
Start importing Assets/Scripts/PathFinding_AStar/Grid using Guid(5a63b567d10a4fd46ba36188bf10c46d) Importer(815301076,1909f56bfc062723c751e8b465ee728b)  -> (artifact id: '8b23175d6b2b763129ec78534fc3135d') in 0.004774 seconds 
========================================================================
Received Import Request.
  Time since last request: 1.150276 seconds.
  path: Assets/Scripts/PathFinding_AStar/Cell.cs
  artifactKey: Guid(e155342a6ffd7434299f0eee59c24444) Importer(815301076,1909f56bfc062723c751e8b465ee728b)
Start importing Assets/Scripts/PathFinding_AStar/Cell.cs using Guid(e155342a6ffd7434299f0eee59c24444) Importer(815301076,1909f56bfc062723c751e8b465ee728b)  -> (artifact id: '7712db7a131d4d53ce87577e23932b28') in 0.009306 seconds 
========================================================================
Received Import Request.
  Time since last request: 13.375573 seconds.
  path: Assets/Scripts/PathFinding_AStar/Grid/Cell.cs
  artifactKey: Guid(e155342a6ffd7434299f0eee59c24444) Importer(815301076,1909f56bfc062723c751e8b465ee728b)
Start importing Assets/Scripts/PathFinding_AStar/Grid/Cell.cs using Guid(e155342a6ffd7434299f0eee59c24444) Importer(815301076,1909f56bfc062723c751e8b465ee728b)  -> (artifact id: '84219c02b3d4a57bb6ed53ecfade9e52') in 0.005024 seconds 
========================================================================
Received Import Request.
  Time since last request: 1.282852 seconds.
  path: Assets/Scripts/PathFinding_AStar/Grid/Cell.cs
  artifactKey: Guid(e155342a6ffd7434299f0eee59c24444) Importer(815301076,1909f56bfc062723c751e8b465ee728b)
Start importing Assets/Scripts/PathFinding_AStar/Grid/Cell.cs using Guid(e155342a6ffd7434299f0eee59c24444) Importer(815301076,1909f56bfc062723c751e8b465ee728b)  -> (artifact id: 'bfbdb9f54664c2e7abcd3cb6794a8afe') in 0.004662 seconds 
========================================================================
Received Import Request.
  Time since last request: 55.955666 seconds.
  path: Assets/Scripts/PathFinding_AStar/Grid/Cell.cs
  artifactKey: Guid(e155342a6ffd7434299f0eee59c24444) Importer(815301076,1909f56bfc062723c751e8b465ee728b)
Start importing Assets/Scripts/PathFinding_AStar/Grid/Cell.cs using Guid(e155342a6ffd7434299f0eee59c24444) Importer(815301076,1909f56bfc062723c751e8b465ee728b)  -> (artifact id: '2410508d9f1a87fe8b8bbc766c1b245c') in 0.005652 seconds 
========================================================================
Received Import Request.
  Time since last request: 3.533447 seconds.
  path: Assets/Scripts/PathFinding_AStar/Grid/Cell.cs
  artifactKey: Guid(e155342a6ffd7434299f0eee59c24444) Importer(815301076,1909f56bfc062723c751e8b465ee728b)
Start importing Assets/Scripts/PathFinding_AStar/Grid/Cell.cs using Guid(e155342a6ffd7434299f0eee59c24444) Importer(815301076,1909f56bfc062723c751e8b465ee728b)  -> (artifact id: '6120fbf8b247b8027e2d172d8d884978') in 0.005096 seconds 
========================================================================
Received Import Request.
  Time since last request: 119.104296 seconds.
  path: Assets/Scripts/Grid/Grid.cs
  artifactKey: Guid(829e1a4cfcc72924bb4e5710a608b06a) Importer(815301076,1909f56bfc062723c751e8b465ee728b)
Start importing Assets/Scripts/Grid/Grid.cs using Guid(829e1a4cfcc72924bb4e5710a608b06a) Importer(815301076,1909f56bfc062723c751e8b465ee728b)  -> (artifact id: 'ebd8f115682be0cede84402814f5fbc9') in 0.020021 seconds 
========================================================================
Received Import Request.
  Time since last request: 14.711086 seconds.
  path: Assets/Scripts/Grid/Cell.cs
  artifactKey: Guid(e155342a6ffd7434299f0eee59c24444) Importer(815301076,1909f56bfc062723c751e8b465ee728b)
Start importing Assets/Scripts/Grid/Cell.cs using Guid(e155342a6ffd7434299f0eee59c24444) Importer(815301076,1909f56bfc062723c751e8b465ee728b)  -> (artifact id: '5922bfb8faef1e259ca4ddc63dd5a50d') in 0.005589 seconds 
========================================================================
Received Import Request.
  Time since last request: 160.661846 seconds.
  path: Assets/Scripts/Grid/Cell.cs
  artifactKey: Guid(e155342a6ffd7434299f0eee59c24444) Importer(815301076,1909f56bfc062723c751e8b465ee728b)
Start importing Assets/Scripts/Grid/Cell.cs using Guid(e155342a6ffd7434299f0eee59c24444) Importer(815301076,1909f56bfc062723c751e8b465ee728b)  -> (artifact id: '2e1d86c99d0748725270fce64f173a14') in 0.005635 seconds 
========================================================================
Received Import Request.
  Time since last request: 13.611568 seconds.
  path: Assets/Scripts/Grid/Cell.cs
  artifactKey: Guid(e155342a6ffd7434299f0eee59c24444) Importer(815301076,1909f56bfc062723c751e8b465ee728b)
Start importing Assets/Scripts/Grid/Cell.cs using Guid(e155342a6ffd7434299f0eee59c24444) Importer(815301076,1909f56bfc062723c751e8b465ee728b)  -> (artifact id: '72d8274daf9029efb63c69bcd53c63ec') in 0.006243 seconds 
========================================================================
Received Import Request.
  Time since last request: 3.729566 seconds.
  path: Assets/Scripts/Grid/Cell.cs
  artifactKey: Guid(e155342a6ffd7434299f0eee59c24444) Importer(815301076,1909f56bfc062723c751e8b465ee728b)
Start importing Assets/Scripts/Grid/Cell.cs using Guid(e155342a6ffd7434299f0eee59c24444) Importer(815301076,1909f56bfc062723c751e8b465ee728b)  -> (artifact id: '4323d0ac63b94aaefc0cd79d92200f15') in 0.006397 seconds 
========================================================================
Received Import Request.
  Time since last request: 0.413813 seconds.
  path: Assets/Scripts/Grid/Cell.cs
  artifactKey: Guid(e155342a6ffd7434299f0eee59c24444) Importer(815301076,1909f56bfc062723c751e8b465ee728b)
Start importing Assets/Scripts/Grid/Cell.cs using Guid(e155342a6ffd7434299f0eee59c24444) Importer(815301076,1909f56bfc062723c751e8b465ee728b)  -> (artifact id: 'c48ec829b287c77a1a4e49dce65d2847') in 0.005203 seconds 
========================================================================
Received Import Request.
  Time since last request: 6.440155 seconds.
  path: Assets/Scripts/Grid/Cell.cs
  artifactKey: Guid(e155342a6ffd7434299f0eee59c24444) Importer(815301076,1909f56bfc062723c751e8b465ee728b)
Start importing Assets/Scripts/Grid/Cell.cs using Guid(e155342a6ffd7434299f0eee59c24444) Importer(815301076,1909f56bfc062723c751e8b465ee728b)  -> (artifact id: 'b6403e2a82126f3854075ef529c49d85') in 0.006389 seconds 
========================================================================
Received Import Request.
  Time since last request: 16.010350 seconds.
  path: Assets/Scripts/Grid/Cell.cs
  artifactKey: Guid(e155342a6ffd7434299f0eee59c24444) Importer(815301076,1909f56bfc062723c751e8b465ee728b)
Start importing Assets/Scripts/Grid/Cell.cs using Guid(e155342a6ffd7434299f0eee59c24444) Importer(815301076,1909f56bfc062723c751e8b465ee728b)  -> (artifact id: '54df2c7627168dcacdb8f03ef5836516') in 0.004936 seconds 
========================================================================
Received Import Request.
  Time since last request: 1167.184493 seconds.
  path: Assets/Scripts/Grid/Cell.cs
  artifactKey: Guid(e155342a6ffd7434299f0eee59c24444) Importer(815301076,1909f56bfc062723c751e8b465ee728b)
Start importing Assets/Scripts/Grid/Cell.cs using Guid(e155342a6ffd7434299f0eee59c24444) Importer(815301076,1909f56bfc062723c751e8b465ee728b)  -> (artifact id: '6270af70de1e9f849f9fa25eb6c56d94') in 0.004180 seconds 
========================================================================
Received Import Request.
  Time since last request: 6.876950 seconds.
  path: Assets/Scripts/Grid/Cell.cs
  artifactKey: Guid(e155342a6ffd7434299f0eee59c24444) Importer(815301076,1909f56bfc062723c751e8b465ee728b)
Start importing Assets/Scripts/Grid/Cell.cs using Guid(e155342a6ffd7434299f0eee59c24444) Importer(815301076,1909f56bfc062723c751e8b465ee728b)  -> (artifact id: '00de799e0d7007dbf8039021b9c365ff') in 0.004800 seconds 
========================================================================
Received Import Request.
  Time since last request: 3.384059 seconds.
  path: Assets/Scripts/Grid/Cell.cs
  artifactKey: Guid(e155342a6ffd7434299f0eee59c24444) Importer(815301076,1909f56bfc062723c751e8b465ee728b)
Start importing Assets/Scripts/Grid/Cell.cs using Guid(e155342a6ffd7434299f0eee59c24444) Importer(815301076,1909f56bfc062723c751e8b465ee728b)  -> (artifact id: '45a473121ff740909bdadfdd8aef38a7') in 0.005912 seconds 
========================================================================
Received Import Request.
  Time since last request: 2765.020196 seconds.
  path: Assets/Scripts/Grid/Cell.cs
  artifactKey: Guid(e155342a6ffd7434299f0eee59c24444) Importer(815301076,1909f56bfc062723c751e8b465ee728b)
Start importing Assets/Scripts/Grid/Cell.cs using Guid(e155342a6ffd7434299f0eee59c24444) Importer(815301076,1909f56bfc062723c751e8b465ee728b)  -> (artifact id: '2e845bd2d89a6523206d2ad8d1fe4b86') in 0.009600 seconds 
